----------------------------------------
Begin PBS Prologue Sun Nov 13 23:55:36 PST 2016
Job ID:            22204562.hpc-pbs1.hpcc.usc.edu
Username:          bkhorton
Group:             csci-ar
Project:           lc_an1
Name:              qmd
Queue:             quick
Shared Access:     no
All Cores:         no
Has MIC:           no
Nodes:             hpc3025 hpc3026 
Scratch is:         /scratch
TMPDIR:            /tmp/22204562.hpc-pbs1.hpcc.usc.edu
End PBS Prologue Sun Nov 13 23:55:53 PST 2016
----------------------------------------
		PSI SQUARED: 1541783168
PSI SQUARED: 1541783168
		PSI SQUARED: 1541783168
PSI SQUARED: 1541783168
2.000000e-01 2.757965e-14 1.244040e-17 3.431018e-31
2.000000e-01 2.757965e-14 1.244040e-17 3.431018e-31
2.000000e-01 2.757965e-14 1.244040e-17 3.431018e-31
2.000000e-01 2.757965e-14 1.244040e-17 3.431018e-31
4.000000e-01 2.853706e-14 5.451585e-18 1.555722e-31
4.000000e-01 2.853706e-14 5.451585e-18 1.555722e-31
4.000000e-01 2.853706e-14 5.451585e-18 1.555722e-31
4.000000e-01 2.853706e-14 5.451585e-18 1.555722e-31
6.000000e-01 2.956319e-14 1.477263e-17 4.367261e-31
6.000000e-01 2.956319e-14 1.477263e-17 4.367261e-31
6.000000e-01 2.956319e-14 1.477263e-17 4.367261e-31
6.000000e-01 2.956319e-14 1.477263e-17 4.367261e-31
8.000000e-01 3.056919e-14 1.794781e-17 5.486499e-31
8.000000e-01 3.056919e-14 1.794781e-17 5.486499e-31
8.000000e-01 3.056919e-14 1.794781e-17 5.486499e-31
8.000000e-01 3.056919e-14 1.794781e-17 5.486499e-31
1.000000e+00 3.157917e-14 1.248538e-17 3.942780e-31
1.000000e+00 3.157917e-14 1.248538e-17 3.942780e-31
1.000000e+00 3.157917e-14 1.248538e-17 3.942780e-31
1.000000e+00 3.157917e-14 1.248538e-17 3.942780e-31
1.200000e+00 3.254298e-14 9.362261e-18 3.046758e-31
1.200000e+00 3.254298e-14 9.362261e-18 3.046758e-31
1.200000e+00 3.254298e-14 9.362261e-18 3.046758e-31
1.200000e+00 3.254298e-14 9.362261e-18 3.046758e-31
1.400000e+00 3.350562e-14 1.069106e-17 3.582105e-31
1.400000e+00 3.350562e-14 1.069106e-17 3.582105e-31
1.400000e+00 3.350562e-14 1.069106e-17 3.582105e-31
1.400000e+00 3.350562e-14 1.069106e-17 3.582105e-31
1.600000e+00 3.441573e-14 1.127014e-17 3.878702e-31
1.600000e+00 3.441573e-14 1.127014e-17 3.878702e-31
1.600000e+00 3.441573e-14 1.127014e-17 3.878702e-31
1.600000e+00 3.441573e-14 1.127014e-17 3.878702e-31
1.800000e+00 3.533095e-14 8.391608e-18 2.964835e-31
1.800000e+00 3.533095e-14 8.391608e-18 2.964835e-31
1.800000e+00 3.533095e-14 8.391608e-18 2.964835e-31
1.800000e+00 3.533095e-14 8.391608e-18 2.964835e-31
2.000000e+00 3.632887e-14 1.056075e-17 3.836600e-31
2.000000e+00 3.632887e-14 1.056075e-17 3.836600e-31
2.000000e+00 3.632887e-14 1.056075e-17 3.836600e-31
2.000000e+00 3.632887e-14 1.056075e-17 3.836600e-31
2.200000e+00 3.727072e-14 1.421901e-17 5.299526e-31
2.200000e+00 3.727072e-14 1.421901e-17 5.299526e-31
2.200000e+00 3.727072e-14 1.421901e-17 5.299526e-31
2.200000e+00 3.727072e-14 1.421901e-17 5.299526e-31
2.400000e+00 3.819222e-14 1.614925e-17 6.167755e-31
2.400000e+00 3.819222e-14 1.614925e-17 6.167755e-31
2.400000e+00 3.819222e-14 1.614925e-17 6.167755e-31
2.400000e+00 3.819222e-14 1.614925e-17 6.167755e-31
2.600000e+00 3.905740e-14 8.927401e-18 3.486811e-31
2.600000e+00 3.905740e-14 8.927401e-18 3.486811e-31
2.600000e+00 3.905740e-14 8.927401e-18 3.486811e-31
2.600000e+00 3.905740e-14 8.927401e-18 3.486811e-31
2.800000e+00 3.997390e-14 1.459374e-17 5.833689e-31
2.800000e+00 3.997390e-14 1.459374e-17 5.833689e-31
2.800000e+00 3.997390e-14 1.459374e-17 5.833689e-31
2.800000e+00 3.997390e-14 1.459374e-17 5.833689e-31
3.000000e+00 4.088796e-14 1.127070e-17 4.608359e-31
3.000000e+00 4.088796e-14 1.127070e-17 4.608359e-31
3.000000e+00 4.088796e-14 1.127070e-17 4.608359e-31
3.000000e+00 4.088796e-14 1.127070e-17 4.608359e-31
3.200000e+00 4.173799e-14 1.185290e-17 4.947162e-31
3.200000e+00 4.173799e-14 1.185290e-17 4.947162e-31
3.200000e+00 4.173799e-14 1.185290e-17 4.947162e-31
3.200000e+00 4.173799e-14 1.185290e-17 4.947162e-31
3.400000e+00 4.259404e-14 1.476526e-17 6.289121e-31
3.400000e+00 4.259404e-14 1.476526e-17 6.289121e-31
3.400000e+00 4.259404e-14 1.476526e-17 6.289121e-31
3.400000e+00 4.259404e-14 1.476526e-17 6.289121e-31
3.600000e+00 4.343501e-14 1.649297e-17 7.163724e-31
3.600000e+00 4.343501e-14 1.649297e-17 7.163724e-31
3.600000e+00 4.343501e-14 1.649297e-17 7.163724e-31
3.600000e+00 4.343501e-14 1.649297e-17 7.163724e-31
3.800000e+00 4.424489e-14 1.211590e-17 5.360665e-31
3.800000e+00 4.424489e-14 1.211590e-17 5.360665e-31
3.800000e+00 4.424489e-14 1.211590e-17 5.360665e-31
3.800000e+00 4.424489e-14 1.211590e-17 5.360665e-31
4.000000e+00 4.506994e-14 1.486598e-17 6.700088e-31
4.000000e+00 4.506994e-14 1.486598e-17 6.700088e-31
4.000000e+00 4.506994e-14 1.486598e-17 6.700088e-31
4.000000e+00 4.506994e-14 1.486598e-17 6.700088e-31
4.200000e+00 4.585430e-14 1.529716e-17 7.014404e-31
4.200000e+00 4.585430e-14 1.529716e-17 7.014404e-31
4.200000e+00 4.585430e-14 1.529716e-17 7.014404e-31
4.200000e+00 4.585430e-14 1.529716e-17 7.014404e-31
4.400000e+00 4.659645e-14 1.656809e-17 7.720142e-31
4.400000e+00 4.659645e-14 1.656809e-17 7.720142e-31
4.400000e+00 4.659645e-14 1.656809e-17 7.720142e-31
4.400000e+00 4.659645e-14 1.656809e-17 7.720142e-31
4.600000e+00 4.729578e-14 1.224903e-17 5.793272e-31
4.600000e+00 4.729578e-14 1.224903e-17 5.793272e-31
4.600000e+00 4.729578e-14 1.224903e-17 5.793272e-31
4.600000e+00 4.729578e-14 1.224903e-17 5.793272e-31
4.800000e+00 4.801980e-14 1.682563e-17 8.079634e-31
4.800000e+00 4.801980e-14 1.682563e-17 8.079634e-31
4.800000e+00 4.801980e-14 1.682563e-17 8.079634e-31
4.800000e+00 4.801980e-14 1.682563e-17 8.079634e-31
5.000000e+00 4.869788e-14 1.412299e-17 6.877597e-31
5.000000e+00 4.869788e-14 1.412299e-17 6.877597e-31
5.000000e+00 4.869788e-14 1.412299e-17 6.877597e-31
5.000000e+00 4.869788e-14 1.412299e-17 6.877597e-31
----------------------------------------
Begin PBS Epilogue Sun Nov 13 23:55:55 PST 2016
Job ID:           22204562.hpc-pbs1.hpcc.usc.edu
Username:         bkhorton
Group:            csci-ar
Job Name:         qmd
Session:          25763
Limits:           neednodes=2:ppn=2:gpus=2,nodes=2:ppn=2:gpus=2,walltime=00:00:59
Resources:        cput=00:00:06,energy_used=0,mem=131156kb,vmem=0kb,walltime=00:00:01
Queue:            quick
Shared Access:    no
Has MIC:          no
Account:          lc_an1
End PBS Epilogue Sun Nov 13 23:56:12 PST 2016
----------------------------------------
