----------------------------------------
Begin PBS Prologue Sun Nov 13 23:54:38 PST 2016
Job ID:            22204561.hpc-pbs1.hpcc.usc.edu
Username:          bkhorton
Group:             csci-ar
Project:           default
Name:              qmd_mpi
Queue:             quick
Shared Access:     no
All Cores:         no
Has MIC:           no
Nodes:             hpc2518 hpc2519 
Scratch is:         /scratch
TMPDIR:            /tmp/22204561.hpc-pbs1.hpcc.usc.edu
End PBS Prologue Sun Nov 13 23:55:03 PST 2016
----------------------------------------
2.000000e-01 8.532048e+01 3.542847e-02 3.022774e+00
2.000000e-01 8.532048e+01 3.542847e-02 3.022774e+00
2.000000e-01 8.532048e+01 3.542847e-02 3.022774e+00
2.000000e-01 8.532048e+01 3.542847e-02 3.022774e+00
4.000000e-01 8.945719e+01 4.011117e-02 3.588232e+00
4.000000e-01 8.945719e+01 4.011117e-02 3.588232e+00
4.000000e-01 8.945719e+01 4.011117e-02 3.588232e+00
4.000000e-01 8.945719e+01 4.011117e-02 3.588232e+00
6.000000e-01 9.184765e+01 1.052811e-01 9.669819e+00
6.000000e-01 9.184765e+01 1.052811e-01 9.669819e+00
6.000000e-01 9.184765e+01 1.052811e-01 9.669819e+00
6.000000e-01 9.184765e+01 1.052811e-01 9.669819e+00
8.000000e-01 9.858987e+01 1.301340e-01 1.282990e+01
8.000000e-01 9.858987e+01 1.301340e-01 1.282990e+01
8.000000e-01 9.858987e+01 1.301340e-01 1.282990e+01
8.000000e-01 9.858987e+01 1.301340e-01 1.282990e+01
1.000000e+00 9.870931e+01 1.105281e-01 1.091015e+01
1.000000e+00 9.870931e+01 1.105281e-01 1.091015e+01
1.000000e+00 9.870931e+01 1.105281e-01 1.091015e+01
1.000000e+00 9.870931e+01 1.105281e-01 1.091015e+01
1.200000e+00 9.879049e+01 1.097074e-01 1.083805e+01
1.200000e+00 9.879049e+01 1.097074e-01 1.083805e+01
1.200000e+00 9.879049e+01 1.097074e-01 1.083805e+01
1.200000e+00 9.879049e+01 1.097074e-01 1.083805e+01
1.400000e+00 9.970018e+01 1.313286e-01 1.309349e+01
1.400000e+00 9.970018e+01 1.313286e-01 1.309349e+01
1.400000e+00 9.970018e+01 1.313286e-01 1.309349e+01
1.400000e+00 9.970018e+01 1.313286e-01 1.309349e+01
1.600000e+00 1.000143e+02 4.349335e-02 4.349958e+00
1.600000e+00 1.000143e+02 4.349335e-02 4.349958e+00
1.600000e+00 1.000143e+02 4.349335e-02 4.349958e+00
1.600000e+00 1.000143e+02 4.349335e-02 4.349958e+00
1.800000e+00 1.030459e+02 1.268174e-01 1.306801e+01
1.800000e+00 1.030459e+02 1.268174e-01 1.306801e+01
1.800000e+00 1.030459e+02 1.268174e-01 1.306801e+01
1.800000e+00 1.030459e+02 1.268174e-01 1.306801e+01
2.000000e+00 1.057190e+02 1.260488e-01 1.332575e+01
2.000000e+00 1.057190e+02 1.260488e-01 1.332575e+01
2.000000e+00 1.057190e+02 1.260488e-01 1.332575e+01
2.000000e+00 1.057190e+02 1.260488e-01 1.332575e+01
2.200000e+00 1.070125e+02 1.703101e-01 1.822530e+01
2.200000e+00 1.070125e+02 1.703101e-01 1.822530e+01
2.200000e+00 1.070125e+02 1.703101e-01 1.822530e+01
2.200000e+00 1.070125e+02 1.703101e-01 1.822530e+01
2.400000e+00 1.070304e+02 1.554597e-01 1.663891e+01
2.400000e+00 1.070304e+02 1.554597e-01 1.663891e+01
2.400000e+00 1.070304e+02 1.554597e-01 1.663891e+01
2.400000e+00 1.070304e+02 1.554597e-01 1.663891e+01
2.600000e+00 1.069417e+02 1.457503e-01 1.558679e+01
2.600000e+00 1.069417e+02 1.457503e-01 1.558679e+01
2.600000e+00 1.069417e+02 1.457503e-01 1.558679e+01
2.600000e+00 1.069417e+02 1.457503e-01 1.558679e+01
2.800000e+00 1.125942e+02 8.916654e-02 1.003964e+01
2.800000e+00 1.125942e+02 8.916654e-02 1.003964e+01
2.800000e+00 1.125942e+02 8.916654e-02 1.003964e+01
2.800000e+00 1.125942e+02 8.916654e-02 1.003964e+01
3.000000e+00 1.125153e+02 5.585712e-02 6.284781e+00
3.000000e+00 1.125153e+02 5.585712e-02 6.284781e+00
3.000000e+00 1.125153e+02 5.585712e-02 6.284781e+00
3.000000e+00 1.125153e+02 5.585712e-02 6.284781e+00
3.200000e+00 1.151411e+02 1.113886e-01 1.282541e+01
3.200000e+00 1.151411e+02 1.113886e-01 1.282541e+01
3.200000e+00 1.151411e+02 1.113886e-01 1.282541e+01
3.200000e+00 1.151411e+02 1.113886e-01 1.282541e+01
3.400000e+00 1.188965e+02 9.714695e-02 1.155043e+01
3.400000e+00 1.188965e+02 9.714695e-02 1.155043e+01
3.400000e+00 1.188965e+02 9.714695e-02 1.155043e+01
3.400000e+00 1.188965e+02 9.714695e-02 1.155043e+01
3.600000e+00 1.189000e+02 9.177084e-02 1.091156e+01
3.600000e+00 1.189000e+02 9.177084e-02 1.091156e+01
3.600000e+00 1.189000e+02 9.177084e-02 1.091156e+01
3.600000e+00 1.189000e+02 9.177084e-02 1.091156e+01
3.800000e+00 1.236350e+02 1.179898e-01 1.458767e+01
3.800000e+00 1.236350e+02 1.179898e-01 1.458767e+01
3.800000e+00 1.236350e+02 1.179898e-01 1.458767e+01
3.800000e+00 1.236350e+02 1.179898e-01 1.458767e+01
4.000000e+00 1.235582e+02 9.678299e-02 1.195833e+01
4.000000e+00 1.235582e+02 9.678299e-02 1.195833e+01
4.000000e+00 1.235582e+02 9.678299e-02 1.195833e+01
4.000000e+00 1.235582e+02 9.678299e-02 1.195833e+01
4.200000e+00 1.267922e+02 5.670424e-02 7.189658e+00
4.200000e+00 1.267922e+02 5.670424e-02 7.189658e+00
4.200000e+00 1.267922e+02 5.670424e-02 7.189658e+00
4.200000e+00 1.267922e+02 5.670424e-02 7.189658e+00
4.400000e+00 1.268286e+02 3.205952e-02 4.066063e+00
4.400000e+00 1.268286e+02 3.205952e-02 4.066063e+00
4.400000e+00 1.268286e+02 3.205952e-02 4.066063e+00
4.400000e+00 1.268286e+02 3.205952e-02 4.066063e+00
4.600000e+00 1.268689e+02 4.104935e-02 5.207884e+00
4.600000e+00 1.268689e+02 4.104935e-02 5.207884e+00
4.600000e+00 1.268689e+02 4.104935e-02 5.207884e+00
4.600000e+00 1.268689e+02 4.104935e-02 5.207884e+00
4.800000e+00 1.279684e+02 9.614036e-02 1.230293e+01
4.800000e+00 1.279684e+02 9.614036e-02 1.230293e+01
4.800000e+00 1.279684e+02 9.614036e-02 1.230293e+01
4.800000e+00 1.279684e+02 9.614036e-02 1.230293e+01
5.000000e+00 1.300159e+02 1.186440e-01 1.542561e+01
5.000000e+00 1.300159e+02 1.186440e-01 1.542561e+01
5.000000e+00 1.300159e+02 1.186440e-01 1.542561e+01
5.000000e+00 1.300159e+02 1.186440e-01 1.542561e+01
----------------------------------------
Begin PBS Epilogue Sun Nov 13 23:55:06 PST 2016
Job ID:           22204561.hpc-pbs1.hpcc.usc.edu
Username:         bkhorton
Group:            csci-ar
Job Name:         qmd_mpi
Session:          24909
Limits:           neednodes=2:ppn=2,nodes=2:ppn=2,walltime=00:02:59
Resources:        cput=00:00:17,energy_used=0,mem=34656kb,vmem=0kb,walltime=00:00:04
Queue:            quick
Shared Access:    no
Has MIC:          no
End PBS Epilogue Sun Nov 13 23:55:26 PST 2016
----------------------------------------
